(0000) 3000  0011000000000000 (   1)                 .ORIG x3000
(3000) 2018  0010000000011000 (   2)                 LD    R0 PTR
(3001) 1220  0001001000100000 (   3)                 ADD   R1 R0 #0
(3002) 6440  0110010001000000 (   4) AGAIN           LDR   R2 R1 #0
(3003) 0402  0000010000000010 (   5)                 BRZ   CONT
(3004) 1261  0001001001100001 (   6)                 ADD   R1 R1 #1
(3005) 0FFC  0000111111111100 (   7)                 BRNZP AGAIN
(3006) 127F  0001001001111111 (   8) CONT            ADD   R1 R1 #-1
(3007) 6600  0110011000000000 (   9) LOOP            LDR   R3 R0 #0
(3008) 6840  0110100001000000 (  10)                 LDR   R4 R1 #0
(3009) 993F  1001100100111111 (  11)                 NOT   R4 R4
(300A) 1921  0001100100100001 (  12)                 ADD   R4 R4 #1
(300B) 16C4  0001011011000100 (  13)                 ADD   R3 R3 R4
(300C) 0A0A  0000101000001010 (  14)                 BRNP  NO
(300D) 1021  0001000000100001 (  15)                 ADD   R0 R0 #1
(300E) 127F  0001001001111111 (  16)                 ADD   R1 R1 #-1
(300F) 943F  1001010000111111 (  17)                 NOT   R2 R0
(3010) 14A1  0001010010100001 (  18)                 ADD   R2 R2 #1
(3011) 1442  0001010001000010 (  19)                 ADD   R2 R1 R2
(3012) 0C01  0000110000000001 (  20)                 BRNZ  YES
(3013) 0FF3  0000111111110011 (  21)                 BRNZP LOOP
(3014) 5B60  0101101101100000 (  22) YES             AND   R5 R5 #0
(3015) 1B61  0001101101100001 (  23)                 ADD   R5 R5 #1
(3016) 0E01  0000111000000001 (  24)                 BRNZP DONE
(3017) 5B60  0101101101100000 (  25) NO              AND   R5 R5 #0
(3018) F025  1111000000100101 (  26) DONE            TRAP  x25
(3019) 4000  0100000000000000 (  27) PTR             .FILL x4000
