(0000) 3000  0011000000000000 (   1)                 .ORIG x3000
(3000) E004  1110000000000100 (   2)                 LEA   R0 MSG
(3001) F022  1111000000100010 (   3)                 TRAP  x22
(3002) E012  1110000000010010 (   4)                 LEA   R0 MSG2
(3003) F022  1111000000100010 (   5)                 TRAP  x22
(3004) F025  1111000000100101 (   6)                 TRAP  x25
(3005) 0020  0000000000100000 (   8) MSG             .FILL x0020
(3006) 0048  0000000001001000 (   8)                 .FILL x0048
(3007) 0065  0000000001100101 (   8)                 .FILL x0065
(3008) 006C  0000000001101100 (   8)                 .FILL x006C
(3009) 006C  0000000001101100 (   8)                 .FILL x006C
(300A) 006F  0000000001101111 (   8)                 .FILL x006F
(300B) 0020  0000000000100000 (   8)                 .FILL x0020
(300C) 0057  0000000001010111 (   8)                 .FILL x0057
(300D) 006F  0000000001101111 (   8)                 .FILL x006F
(300E) 0072  0000000001110010 (   8)                 .FILL x0072
(300F) 006C  0000000001101100 (   8)                 .FILL x006C
(3010) 0064  0000000001100100 (   8)                 .FILL x0064
(3011) 0021  0000000000100001 (   8)                 .FILL x0021
(3012) 0020  0000000000100000 (   8)                 .FILL x0020
(3013) 000A  0000000000001010 (   8)                 .FILL x000A
(3014) 0000  0000000000000000 (   8)                 .FILL x0000
(3015) 0020  0000000000100000 (   9) MSG2            .FILL x0020
(3016) 0048  0000000001001000 (   9)                 .FILL x0048
(3017) 006F  0000000001101111 (   9)                 .FILL x006F
(3018) 0077  0000000001110111 (   9)                 .FILL x0077
(3019) 0020  0000000000100000 (   9)                 .FILL x0020
(301A) 0061  0000000001100001 (   9)                 .FILL x0061
(301B) 0072  0000000001110010 (   9)                 .FILL x0072
(301C) 0065  0000000001100101 (   9)                 .FILL x0065
(301D) 0020  0000000000100000 (   9)                 .FILL x0020
(301E) 0079  0000000001111001 (   9)                 .FILL x0079
(301F) 006F  0000000001101111 (   9)                 .FILL x006F
(3020) 0075  0000000001110101 (   9)                 .FILL x0075
(3021) 003F  0000000000111111 (   9)                 .FILL x003F
(3022) 0020  0000000000100000 (   9)                 .FILL x0020
(3023) 0000  0000000000000000 (   9)                 .FILL x0000
