(0000) 3000  0011000000000000 (   7)                 .ORIG x3000
(3000) E04F  1110000001001111 (   9)                 LEA   R0 NoSort
(3001) F022  1111000000100010 (  10)                 TRAP  x22
(3002) 481A  0100100000011010 (  11)                 JSR   OutputData
(3003) 2218  0010001000011000 (  13)                 LD    R1 FILE
(3004) 54A0  0101010010100000 (  14)                 AND   R2 R2 #0
(3005) 56E0  0101011011100000 (  15)                 AND   R3 R3 #0
(3006) 5920  0101100100100000 (  16)                 AND   R4 R4 #0
(3007) 1B7F  0001101101111111 (  17)                 ADD   R5 R5 #-1
(3008) 6440  0110010001000000 (  19) Sort            LDR   R2 R1 #0
(3009) 6641  0110011001000001 (  20)                 LDR   R3 R1 #1
(300A) 040A  0000010000001010 (  21)                 BRZ   EndPass
(300B) 98FF  1001100011111111 (  22)                 NOT   R4 R3
(300C) 1921  0001100100100001 (  23)                 ADD   R4 R4 #1
(300D) 1902  0001100100000010 (  24)                 ADD   R4 R4 R2
(300E) 0202  0000001000000010 (  25)                 BRP   Swap
(300F) 1261  0001001001100001 (  26)                 ADD   R1 R1 #1
(3010) 0FF7  0000111111110111 (  27)                 BRNZP Sort
(3011) 7640  0111011001000000 (  29) Swap            STR   R3 R1 #0
(3012) 7441  0111010001000001 (  30)                 STR   R2 R1 #1
(3013) 1261  0001001001100001 (  31)                 ADD   R1 R1 #1
(3014) 0FF3  0000111111110011 (  32)                 BRNZP Sort
(3015) 2206  0010001000000110 (  34) EndPass         LD    R1 FILE
(3016) 1B7F  0001101101111111 (  35)                 ADD   R5 R5 #-1
(3017) 03F0  0000001111110000 (  36)                 BRP   Sort
(3018) E04E  1110000001001110 (  38)                 LEA   R0 Sorted
(3019) F022  1111000000100010 (  39)                 TRAP  x22
(301A) 4802  0100100000000010 (  40)                 JSR   OutputData
(301B) F025  1111000000100101 (  43)                 TRAP  x25
(301C) 4000  0100000000000000 (  45) FILE            .FILL x4000
(301D) 56E0  0101011011100000 (  49) OutputData      AND   R3 R3 #0
(301E) 16C7  0001011011000111 (  50)                 ADD   R3 R3 R7
(301F) 23FC  0010001111111100 (  51)                 LD    R1 FILE
(3020) 5B60  0101101101100000 (  52)                 AND   R5 R5 #0
(3021) 6040  0110000001000000 (  55) DataLoop        LDR   R0 R1 #0
(3022) 0406  0000010000000110 (  56)                 BRZ   EndLoop
(3023) 1B61  0001101101100001 (  57)                 ADD   R5 R5 #1
(3024) 4809  0100100000001001 (  58)                 JSR   Bin_to_ASCII
(3025) 2026  0010000000100110 (  59)                 LD    R0 ASCIIString
(3026) F022  1111000000100010 (  60)                 TRAP  x22
(3027) 1261  0001001001100001 (  61)                 ADD   R1 R1 #1
(3028) 0FF8  0000111111111000 (  62)                 BRNZP DataLoop
(3029) 2025  0010000000100101 (  63) EndLoop         LD    R0 newline
(302A) F021  1111000000100001 (  64)                 TRAP  x21
(302B) 5FE0  0101111111100000 (  65)                 AND   R7 R7 #0
(302C) 1EE0  0001111011100000 (  66)                 ADD   R7 R3 #0
(302D) C1C0  1100000111000000 (  67)                 RET   
(302E) 3019  0011000000011001 (  72) Bin_to_ASCII    ST    R0 SR0
(302F) 3219  0011001000011001 (  73)                 ST    R1 SR1
(3030) 3419  0011010000011001 (  74)                 ST    R2 SR2
(3031) 3619  0011011000011001 (  75)                 ST    R3 SR3
(3032) 2219  0010001000011001 (  76)                 LD    R1 ASCIIString
(3033) 1020  0001000000100000 (  78)                 ADD   R0 R0 #0
(3034) 0802  0000100000000010 (  79)                 BRN   NegSign
(3035) 240F  0010010000001111 (  80)                 LD    R2 ASCIIPlus
(3036) 0E03  0000111000000011 (  81)                 BRNZP Begin1
(3037) 240E  0010010000001110 (  82) NegSign         LD    R2 ASCIINeg
(3038) 903F  1001000000111111 (  83)                 NOT   R0 R0
(3039) 1021  0001000000100001 (  84)                 ADD   R0 R0 #1
(303A) 7440  0111010001000000 (  86) Begin1          STR   R2 R1 #0
(303B) 240B  0010010000001011 (  87)                 LD    R2 ASCIIoffset
(303C) 1802  0001100000000010 (  88)                 ADD   R4 R0 R2
(303D) 7841  0111100001000001 (  89)                 STR   R4 R1 #1
(303E) 200F  0010000000001111 (  91)                 LD    R0 space
(303F) 7042  0111000001000010 (  92)                 STR   R0 R1 #2
(3040) 2007  0010000000000111 (  94)                 LD    R0 SR0
(3041) 2207  0010001000000111 (  95)                 LD    R1 SR1
(3042) 2407  0010010000000111 (  96)                 LD    R2 SR2
(3043) 2607  0010011000000111 (  97)                 LD    R3 SR3
(3044) C1C0  1100000111000000 (  99)                 RET   
(3045) 002B  0000000000101011 ( 102) ASCIIPlus       .FILL x002B
(3046) 002D  0000000000101101 ( 103) ASCIINeg        .FILL x002D
(3047) 0030  0000000000110000 ( 104) ASCIIoffset     .FILL x0030
(3048) 0000  0000000000000000 ( 106) SR0             .FILL x0000
(3049) 0000  0000000000000000 ( 107) SR1             .FILL x0000
(304A) 0000  0000000000000000 ( 108) SR2             .FILL x0000
(304B) 0000  0000000000000000 ( 109) SR3             .FILL x0000
(304C) 4500  0100010100000000 ( 109) ASCIIString     .FILL x4500
(304D) 002C  0000000000101100 ( 110) comma           .FILL x002C
(304E) 0020  0000000000100000 ( 111) space           .FILL x0020
(304F) 000D  0000000000001101 ( 112) newline         .FILL x000D
(3050) 0055  0000000001010101 ( 113) NoSort          .FILL x0055
(3051) 006E  0000000001101110 ( 113)                 .FILL x006E
(3052) 0073  0000000001110011 ( 113)                 .FILL x0073
(3053) 006F  0000000001101111 ( 113)                 .FILL x006F
(3054) 0072  0000000001110010 ( 113)                 .FILL x0072
(3055) 0074  0000000001110100 ( 113)                 .FILL x0074
(3056) 0065  0000000001100101 ( 113)                 .FILL x0065
(3057) 0064  0000000001100100 ( 113)                 .FILL x0064
(3058) 0020  0000000000100000 ( 113)                 .FILL x0020
(3059) 0064  0000000001100100 ( 113)                 .FILL x0064
(305A) 0069  0000000001101001 ( 113)                 .FILL x0069
(305B) 0067  0000000001100111 ( 113)                 .FILL x0067
(305C) 0069  0000000001101001 ( 113)                 .FILL x0069
(305D) 0074  0000000001110100 ( 113)                 .FILL x0074
(305E) 0073  0000000001110011 ( 113)                 .FILL x0073
(305F) 0020  0000000000100000 ( 113)                 .FILL x0020
(3060) 006C  0000000001101100 ( 113)                 .FILL x006C
(3061) 0069  0000000001101001 ( 113)                 .FILL x0069
(3062) 0073  0000000001110011 ( 113)                 .FILL x0073
(3063) 0074  0000000001110100 ( 113)                 .FILL x0074
(3064) 003A  0000000000111010 ( 113)                 .FILL x003A
(3065) 0020  0000000000100000 ( 113)                 .FILL x0020
(3066) 0000  0000000000000000 ( 113)                 .FILL x0000
(3067) 0053  0000000001010011 ( 114) Sorted          .FILL x0053
(3068) 006F  0000000001101111 ( 114)                 .FILL x006F
(3069) 0072  0000000001110010 ( 114)                 .FILL x0072
(306A) 0074  0000000001110100 ( 114)                 .FILL x0074
(306B) 0065  0000000001100101 ( 114)                 .FILL x0065
(306C) 0064  0000000001100100 ( 114)                 .FILL x0064
(306D) 0020  0000000000100000 ( 114)                 .FILL x0020
(306E) 0064  0000000001100100 ( 114)                 .FILL x0064
(306F) 0069  0000000001101001 ( 114)                 .FILL x0069
(3070) 0067  0000000001100111 ( 114)                 .FILL x0067
(3071) 0069  0000000001101001 ( 114)                 .FILL x0069
(3072) 0074  0000000001110100 ( 114)                 .FILL x0074
(3073) 0073  0000000001110011 ( 114)                 .FILL x0073
(3074) 0020  0000000000100000 ( 114)                 .FILL x0020
(3075) 006C  0000000001101100 ( 114)                 .FILL x006C
(3076) 0069  0000000001101001 ( 114)                 .FILL x0069
(3077) 0073  0000000001110011 ( 114)                 .FILL x0073
(3078) 0074  0000000001110100 ( 114)                 .FILL x0074
(3079) 003A  0000000000111010 ( 114)                 .FILL x003A
(307A) 0020  0000000000100000 ( 114)                 .FILL x0020
(307B) 0000  0000000000000000 ( 114)                 .FILL x0000
