(0000) 3000  0011000000000000 (  30)                 .ORIG x3000
(3000) 5020  0101000000100000 (  31)                 AND   R0 R0 #0
(3001) 5260  0101001001100000 (  32)                 AND   R1 R1 #0
(3002) 54A0  0101010010100000 (  33)                 AND   R2 R2 #0
(3003) 56E0  0101011011100000 (  34)                 AND   R3 R3 #0
(3004) 5920  0101100100100000 (  35)                 AND   R4 R4 #0
(3005) 5B60  0101101101100000 (  36)                 AND   R5 R5 #0
(3006) 5DA0  0101110110100000 (  37)                 AND   R6 R6 #0
(3007) 2245  0010001001000101 (  39)                 LD    R1 STORE
(3008) E045  1110000001000101 (  41)                 LEA   R0 PROMPT1
(3009) F022  1111000000100010 (  42)                 TRAP  x22
(300A) F023  1111000000100011 (  43)                 TRAP  x23
(300B) 7040  0111000001000000 (  44)                 STR   R0 R1 #0
(300C) E057  1110000001010111 (  46)                 LEA   R0 PROMPT2
(300D) F022  1111000000100010 (  47)                 TRAP  x22
(300E) F023  1111000000100011 (  48)                 TRAP  x23
(300F) 1261  0001001001100001 (  49)                 ADD   R1 R1 #1
(3010) 7040  0111000001000000 (  50)                 STR   R0 R1 #0
(3011) E064  1110000001100100 (  52)                 LEA   R0 PROMPT3
(3012) F022  1111000000100010 (  53)                 TRAP  x22
(3013) 1261  0001001001100001 (  56)                 ADD   R1 R1 #1
(3014) 14B6  0001010010110110 (  57)                 ADD   R2 R2 #-10
(3015) 14B6  0001010010110110 (  58)                 ADD   R2 R2 #-10
(3016) 16F6  0001011011110110 (  59)                 ADD   R3 R3 #-10
(3017) F020  1111000000100000 (  60) InputLoop       TRAP  x20
(3018) F021  1111000000100001 (  61)                 TRAP  x21
(3019) 1803  0001100000000011 (  62)                 ADD   R4 R0 R3
(301A) 0404  0000010000000100 (  63)                 BRZ   ExitInput
(301B) 7040  0111000001000000 (  64)                 STR   R0 R1 #0
(301C) 1261  0001001001100001 (  65)                 ADD   R1 R1 #1
(301D) 14A1  0001010010100001 (  66)                 ADD   R2 R2 #1
(301E) 09F8  0000100111111000 (  67)                 BRN   InputLoop
(301F) 56E0  0101011011100000 (  70) ExitInput       AND   R3 R3 #0
(3020) 5920  0101100100100000 (  71)                 AND   R4 R4 #0
(3021) 222B  0010001000101011 (  74)                 LD    R1 STORE
(3022) 6441  0110010001000001 (  75)                 LDR   R2 R1 #1
(3023) 14B0  0001010010110000 (  76)                 ADD   R2 R2 #-16
(3024) 14B0  0001010010110000 (  77)                 ADD   R2 R2 #-16
(3025) 14B0  0001010010110000 (  78)                 ADD   R2 R2 #-16
(3026) 1662  0001011001100010 (  79)                 ADD   R3 R1 #2
(3027) 2A71  0010101001110001 (  80)                 LD    R5 NEW
(3028) A224  1010001000100100 (  82)                 LDI   R1 STORE
(3029) 2C5E  0010110001011110 (  83)                 LD    R6 N68
(302A) 1381  0001001110000001 (  84)                 ADD   R1 R6 R1
(302B) 040C  0000010000001100 (  85)                 BRZ   DECRYPT
(302C) 60C0  0110000011000000 ( 100) EncryptLoop     LDR   R0 R3 #0
(302D) 041A  0000010000011010 ( 101)                 BRZ   SKIP
(302E) 5821  0101100000100001 ( 102)                 AND   R4 R0 #1
(302F) 0202  0000001000000010 ( 103)                 BRP   One_1
(3030) 1821  0001100000100001 ( 104)                 ADD   R4 R0 #1
(3031) 0E01  0000111000000001 ( 105)                 BRNZP E_Store
(3032) 183F  0001100000111111 ( 106) One_1           ADD   R4 R0 #-1
(3033) 1902  0001100100000010 ( 109) E_Store         ADD   R4 R4 R2
(3034) 7940  0111100101000000 ( 110)                 STR   R4 R5 #0
(3035) 16E1  0001011011100001 ( 111)                 ADD   R3 R3 #1
(3036) 1B61  0001101101100001 ( 112)                 ADD   R5 R5 #1
(3037) 0FF4  0000111111110100 ( 113)                 BRNZP EncryptLoop
(3038) 94BF  1001010010111111 ( 122) DECRYPT         NOT   R2 R2
(3039) 14A1  0001010010100001 ( 123)                 ADD   R2 R2 #1
(303A) 60C0  0110000011000000 ( 125) DECRYPTIONLOOP  LDR   R0 R3 #0
(303B) 040C  0000010000001100 ( 126)                 BRZ   SKIP
(303C) 1002  0001000000000010 ( 127)                 ADD   R0 R0 R2
(303D) 1921  0001100100100001 ( 128)                 ADD   R4 R4 #1
(303E) 5900  0101100100000000 ( 129)                 AND   R4 R4 R0
(303F) 0202  0000001000000010 ( 130)                 BRP   One_2
(3040) 1821  0001100000100001 ( 131)                 ADD   R4 R0 #1
(3041) 0E01  0000111000000001 ( 132)                 BRNZP D_Store
(3042) 183F  0001100000111111 ( 133) One_2           ADD   R4 R0 #-1
(3043) 7940  0111100101000000 ( 135) D_Store         STR   R4 R5 #0
(3044) 5920  0101100100100000 ( 136)                 AND   R4 R4 #0
(3045) 16E1  0001011011100001 ( 137)                 ADD   R3 R3 #1
(3046) 1B61  0001101101100001 ( 138)                 ADD   R5 R5 #1
(3047) 0FF2  0000111111110010 ( 139)                 BRNZP DECRYPTIONLOOP
(3048) E040  1110000001000000 ( 170) SKIP            LEA   R0 SCRIPT
(3049) F022  1111000000100010 ( 171)                 TRAP  x22
(304A) 204E  0010000001001110 ( 172)                 LD    R0 NEW
(304B) F022  1111000000100010 ( 173)                 TRAP  x22
(304C) F025  1111000000100101 ( 176)                 TRAP  x25
(304D) 3100  0011000100000000 ( 190) STORE           .FILL x3100
(304E) 0028  0000000000101000 ( 192) PROMPT1         .FILL x0028
(304F) 0045  0000000001000101 ( 192)                 .FILL x0045
(3050) 0029  0000000000101001 ( 192)                 .FILL x0029
(3051) 006E  0000000001101110 ( 192)                 .FILL x006E
(3052) 0063  0000000001100011 ( 192)                 .FILL x0063
(3053) 0072  0000000001110010 ( 192)                 .FILL x0072
(3054) 0079  0000000001111001 ( 192)                 .FILL x0079
(3055) 0070  0000000001110000 ( 192)                 .FILL x0070
(3056) 0074  0000000001110100 ( 192)                 .FILL x0074
(3057) 002F  0000000000101111 ( 192)                 .FILL x002F
(3058) 0028  0000000000101000 ( 192)                 .FILL x0028
(3059) 0044  0000000001000100 ( 192)                 .FILL x0044
(305A) 0029  0000000000101001 ( 192)                 .FILL x0029
(305B) 0065  0000000001100101 ( 192)                 .FILL x0065
(305C) 0063  0000000001100011 ( 192)                 .FILL x0063
(305D) 0072  0000000001110010 ( 192)                 .FILL x0072
(305E) 0079  0000000001111001 ( 192)                 .FILL x0079
(305F) 0070  0000000001110000 ( 192)                 .FILL x0070
(3060) 0074  0000000001110100 ( 192)                 .FILL x0074
(3061) 003A  0000000000111010 ( 192)                 .FILL x003A
(3062) 000A  0000000000001010 ( 192)                 .FILL x000A
(3063) 0000  0000000000000000 ( 192)                 .FILL x0000
(3064) 000A  0000000000001010 ( 194) PROMPT2         .FILL x000A
(3065) 0045  0000000001000101 ( 194)                 .FILL x0045
(3066) 006E  0000000001101110 ( 194)                 .FILL x006E
(3067) 0063  0000000001100011 ( 194)                 .FILL x0063
(3068) 0072  0000000001110010 ( 194)                 .FILL x0072
(3069) 0079  0000000001111001 ( 194)                 .FILL x0079
(306A) 0070  0000000001110000 ( 194)                 .FILL x0070
(306B) 0074  0000000001110100 ( 194)                 .FILL x0074
(306C) 0069  0000000001101001 ( 194)                 .FILL x0069
(306D) 006F  0000000001101111 ( 194)                 .FILL x006F
(306E) 006E  0000000001101110 ( 194)                 .FILL x006E
(306F) 0020  0000000000100000 ( 194)                 .FILL x0020
(3070) 004B  0000000001001011 ( 194)                 .FILL x004B
(3071) 0065  0000000001100101 ( 194)                 .FILL x0065
(3072) 0079  0000000001111001 ( 194)                 .FILL x0079
(3073) 003A  0000000000111010 ( 194)                 .FILL x003A
(3074) 000A  0000000000001010 ( 194)                 .FILL x000A
(3075) 0000  0000000000000000 ( 194)                 .FILL x0000
(3076) 000A  0000000000001010 ( 196) PROMPT3         .FILL x000A
(3077) 0049  0000000001001001 ( 196)                 .FILL x0049
(3078) 006E  0000000001101110 ( 196)                 .FILL x006E
(3079) 0070  0000000001110000 ( 196)                 .FILL x0070
(307A) 0075  0000000001110101 ( 196)                 .FILL x0075
(307B) 0074  0000000001110100 ( 196)                 .FILL x0074
(307C) 0020  0000000000100000 ( 196)                 .FILL x0020
(307D) 004D  0000000001001101 ( 196)                 .FILL x004D
(307E) 0065  0000000001100101 ( 196)                 .FILL x0065
(307F) 0073  0000000001110011 ( 196)                 .FILL x0073
(3080) 0073  0000000001110011 ( 196)                 .FILL x0073
(3081) 0061  0000000001100001 ( 196)                 .FILL x0061
(3082) 0067  0000000001100111 ( 196)                 .FILL x0067
(3083) 0065  0000000001100101 ( 196)                 .FILL x0065
(3084) 003A  0000000000111010 ( 196)                 .FILL x003A
(3085) 000A  0000000000001010 ( 196)                 .FILL x000A
(3086) 000A  0000000000001010 ( 196)                 .FILL x000A
(3087) 0000  0000000000000000 ( 196)                 .FILL x0000
(3088) FFBC  1111111110111100 ( 198) N68             .FILL xFFBC
(3089) 000A  0000000000001010 ( 200) SCRIPT          .FILL x000A
(308A) 004E  0000000001001110 ( 200)                 .FILL x004E
(308B) 0065  0000000001100101 ( 200)                 .FILL x0065
(308C) 0077  0000000001110111 ( 200)                 .FILL x0077
(308D) 0020  0000000000100000 ( 200)                 .FILL x0020
(308E) 006D  0000000001101101 ( 200)                 .FILL x006D
(308F) 0065  0000000001100101 ( 200)                 .FILL x0065
(3090) 0073  0000000001110011 ( 200)                 .FILL x0073
(3091) 0073  0000000001110011 ( 200)                 .FILL x0073
(3092) 0061  0000000001100001 ( 200)                 .FILL x0061
(3093) 0067  0000000001100111 ( 200)                 .FILL x0067
(3094) 0065  0000000001100101 ( 200)                 .FILL x0065
(3095) 003A  0000000000111010 ( 200)                 .FILL x003A
(3096) 000A  0000000000001010 ( 200)                 .FILL x000A
(3097) 000A  0000000000001010 ( 200)                 .FILL x000A
(3098) 0000  0000000000000000 ( 200)                 .FILL x0000
(3099) 3117  0011000100010111 ( 202) NEW             .FILL x3117
