(0000) 04A0  0000010010100000 (   1)                 .ORIG x04A0
(04A0) 482E  0100100000101110 (   3) START           JSR   SaveReg
(04A1) 240E  0010010000001110 (   4)                 LD    R2 Newline
(04A2) 4820  0100100000100000 (   5)                 JSR   WriteChar
(04A3) E20D  1110001000001101 (   6)                 LEA   R1 PROMPT
(04A4) 6440  0110010001000000 (   9) Loop            LDR   R2 R1 #0
(04A5) 0403  0000010000000011 (  10)                 BRZ   Input
(04A6) 481C  0100100000011100 (  12)                 JSR   WriteChar
(04A7) 1261  0001001001100001 (  13)                 ADD   R1 R1 #1
(04A8) 0FFB  0000111111111011 (  14)                 BRNZP Loop
(04A9) 481F  0100100000011111 (  17) Input           JSR   ReadChar
(04AA) 1420  0001010000100000 (  18)                 ADD   R2 R0 #0
(04AB) 4817  0100100000010111 (  19)                 JSR   WriteChar
(04AC) 2403  0010010000000011 (  22)                 LD    R2 Newline
(04AD) 4815  0100100000010101 (  23)                 JSR   WriteChar
(04AE) 4827  0100100000100111 (  24)                 JSR   RestoreReg
(04AF) 8000  1000000000000000 (  25)                 RTI   
(04B0) 000A  0000000000001010 (  27) Newline         .FILL x000A
(04B1) 0054  0000000001010100 (  29) PROMPT          .FILL x0054
(04B2) 0079  0000000001111001 (  29)                 .FILL x0079
(04B3) 0070  0000000001110000 (  29)                 .FILL x0070
(04B4) 0065  0000000001100101 (  29)                 .FILL x0065
(04B5) 0020  0000000000100000 (  29)                 .FILL x0020
(04B6) 0061  0000000001100001 (  29)                 .FILL x0061
(04B7) 0020  0000000000100000 (  29)                 .FILL x0020
(04B8) 0063  0000000001100011 (  29)                 .FILL x0063
(04B9) 0068  0000000001101000 (  29)                 .FILL x0068
(04BA) 0061  0000000001100001 (  29)                 .FILL x0061
(04BB) 0072  0000000001110010 (  29)                 .FILL x0072
(04BC) 0061  0000000001100001 (  29)                 .FILL x0061
(04BD) 0063  0000000001100011 (  29)                 .FILL x0063
(04BE) 0074  0000000001110100 (  29)                 .FILL x0074
(04BF) 0065  0000000001100101 (  29)                 .FILL x0065
(04C0) 0072  0000000001110010 (  29)                 .FILL x0072
(04C1) 002E  0000000000101110 (  29)                 .FILL x002E
(04C2) 0000  0000000000000000 (  29)                 .FILL x0000
(04C3) A603  1010011000000011 (  33) WriteChar       LDI   R3 DSR
(04C4) 07FE  0000011111111110 (  34)                 BRZP  WriteChar
(04C5) B402  1011010000000010 (  35)                 STI   R2 DDR
(04C6) C1C0  1100000111000000 (  36)                 RET   
(04C7) FE04  1111111000000100 (  38) DSR             .FILL xFE04
(04C8) FE06  1111111000000110 (  39) DDR             .FILL xFE06
(04C9) A603  1010011000000011 (  42) ReadChar        LDI   R3 KBSR
(04CA) 07FE  0000011111111110 (  43)                 BRZP  ReadChar
(04CB) A002  1010000000000010 (  44)                 LDI   R0 KBDR
(04CC) C1C0  1100000111000000 (  46)                 RET   
(04CD) FE00  1111111000000000 (  47) KBSR            .FILL xFE00
(04CE) FE02  1111111000000010 (  48) KBDR            .FILL xFE02
(04CF) 320D  0011001000001101 (  51) SaveReg         ST    R1 SaveR1
(04D0) 340D  0011010000001101 (  52)                 ST    R2 SaveR2
(04D1) 360D  0011011000001101 (  53)                 ST    R3 SaveR3
(04D2) 380D  0011100000001101 (  54)                 ST    R4 SaveR4
(04D3) 3A0D  0011101000001101 (  55)                 ST    R5 SaveR5
(04D4) 3C0D  0011110000001101 (  56)                 ST    R6 SaveR6
(04D5) C1C0  1100000111000000 (  58)                 RET   
(04D6) 2206  0010001000000110 (  60) RestoreReg      LD    R1 SaveR1
(04D7) 2406  0010010000000110 (  61)                 LD    R2 SaveR2
(04D8) 2606  0010011000000110 (  62)                 LD    R3 SaveR3
(04D9) 2806  0010100000000110 (  63)                 LD    R4 SaveR4
(04DA) 2A06  0010101000000110 (  64)                 LD    R5 SaveR5
(04DB) 2C06  0010110000000110 (  65)                 LD    R6 SaveR6
(04DC) C1C0  1100000111000000 (  67)                 RET   
(04DD) 0000  0000000000000000 (  69) SaveR1          .FILL x0000
(04DE) 0000  0000000000000000 (  70) SaveR2          .FILL x0000
(04DF) 0000  0000000000000000 (  71) SaveR3          .FILL x0000
(04E0) 0000  0000000000000000 (  72) SaveR4          .FILL x0000
(04E1) 0000  0000000000000000 (  73) SaveR5          .FILL x0000
(04E2) 0000  0000000000000000 (  74) SaveR6          .FILL x0000
