(0000) 3000  0011000000000000 (   1)                 .ORIG x3000
(3000) E3FF  1110001111111111 (   2) L1              LEA   R1 L1
(3001) 54A0  0101010010100000 (   3)                 AND   R2 R2 #0
(3002) 14A2  0001010010100010 (   4)                 ADD   R2 R2 #2
(3003) 2607  0010011000000111 (   5)                 LD    R3 P1
(3004) 604C  0110000001001100 (   6) L2              LDR   R0 R1 #12
(3005) F021  1111000000100001 (   7)                 TRAP  x21
(3006) 16FF  0001011011111111 (   8)                 ADD   R3 R3 #-1
(3007) 0402  0000010000000010 (   9)                 BRZ   GLUE
(3008) 1242  0001001001000010 (  10)                 ADD   R1 R1 R2
(3009) 0FFA  0000111111111010 (  11)                 BRNZP L2
(300A) F025  1111000000100101 (  12) GLUE            TRAP  x25
(300B) 000B  0000000000001011 (  13) P1              .FILL x000B
(300C) 0048  0000000001001000 (  14)                 .FILL x0048
(300D) 0042  0000000001000010 (  14)                 .FILL x0042
(300E) 006F  0000000001101111 (  14)                 .FILL x006F
(300F) 0065  0000000001100101 (  14)                 .FILL x0065
(3010) 006F  0000000001101111 (  14)                 .FILL x006F
(3011) 0061  0000000001100001 (  14)                 .FILL x0061
(3012) 006B  0000000001101011 (  14)                 .FILL x006B
(3013) 0074  0000000001110100 (  14)                 .FILL x0074
(3014) 0065  0000000001100101 (  14)                 .FILL x0065
(3015) 0053  0000000001010011 (  14)                 .FILL x0053
(3016) 006D  0000000001101101 (  14)                 .FILL x006D
(3017) 0074  0000000001110100 (  14)                 .FILL x0074
(3018) 0048  0000000001001000 (  14)                 .FILL x0048
(3019) 0061  0000000001100001 (  14)                 .FILL x0061
(301A) 006F  0000000001101111 (  14)                 .FILL x006F
(301B) 0074  0000000001110100 (  14)                 .FILL x0074
(301C) 0072  0000000001110010 (  14)                 .FILL x0072
(301D) 0065  0000000001100101 (  14)                 .FILL x0065
(301E) 006E  0000000001101110 (  14)                 .FILL x006E
(301F) 0021  0000000000100001 (  14)                 .FILL x0021
(3020) 0073  0000000001110011 (  14)                 .FILL x0073
(3021) 0000  0000000000000000 (  14)                 .FILL x0000
