(0000) 3000  0011000000000000 (   1)                 .ORIG x3000
(3000) 2213  0010001000010011 (   2)                 LD    R1 Store_4000
(3001) 6240  0110001001000000 (   3)                 LDR   R1 R1 #0
(3002) 1060  0001000001100000 (   4)                 ADD   R0 R1 #0
(3003) 2611  0010011000010001 (   6)                 LD    R3 Boundaryupper
(3004) 2811  0010100000010001 (   7)                 LD    R4 Boundarylower
(3005) 1443  0001010001000011 (   8)                 ADD   R2 R1 R3
(3006) 020B  0000001000001011 (   9)                 BRP   Greater
(3007) 1501  0001010100000001 (  10)                 ADD   R2 R4 R1
(3008) 080A  0000100000001010 (  11)                 BRN   Lower
(3009) 1060  0001000001100000 (  12)                 ADD   R0 R1 #0
(300A) F021  1111000000100001 (  13)                 TRAP  x21
(300B) 5260  0101001001100000 (  14)                 AND   R1 R1 #0
(300C) 126A  0001001001101010 (  15)                 ADD   R1 R1 #10
(300D) 126A  0001001001101010 (  16)                 ADD   R1 R1 #10
(300E) 106C  0001000001101100 (  17)                 ADD   R0 R1 #12
(300F) F021  1111000000100001 (  18)                 TRAP  x21
(3010) E006  1110000000000110 (  19)                 LEA   R0 VALIDATION
(3011) F022  1111000000100010 (  20)                 TRAP  x22
(3012) F025  1111000000100101 (  21) Greater         TRAP  x25
(3013) F025  1111000000100101 (  22) Lower           TRAP  x25
(3014) 4000  0100000000000000 (  25) Store_4000      .FILL x4000
(3015) FF82  1111111110000010 (  26) Boundaryupper   .FILL xFF82
(3016) FFE0  1111111111100000 (  27) Boundarylower   .FILL xFFE0
(3017) 0056  0000000001010110 (  28) VALIDATION      .FILL x0056
(3018) 0061  0000000001100001 (  28)                 .FILL x0061
(3019) 006C  0000000001101100 (  28)                 .FILL x006C
(301A) 0069  0000000001101001 (  28)                 .FILL x0069
(301B) 0064  0000000001100100 (  28)                 .FILL x0064
(301C) 0020  0000000000100000 (  28)                 .FILL x0020
(301D) 0041  0000000001000001 (  28)                 .FILL x0041
(301E) 0053  0000000001010011 (  28)                 .FILL x0053
(301F) 0043  0000000001000011 (  28)                 .FILL x0043
(3020) 0049  0000000001001001 (  28)                 .FILL x0049
(3021) 0049  0000000001001001 (  28)                 .FILL x0049
(3022) 0020  0000000000100000 (  28)                 .FILL x0020
(3023) 0076  0000000001110110 (  28)                 .FILL x0076
(3024) 0061  0000000001100001 (  28)                 .FILL x0061
(3025) 006C  0000000001101100 (  28)                 .FILL x006C
(3026) 0075  0000000001110101 (  28)                 .FILL x0075
(3027) 0065  0000000001100101 (  28)                 .FILL x0065
(3028) 0000  0000000000000000 (  28)                 .FILL x0000
