(0000) 3000  0011000000000000 (   1)                 .ORIG x3000
(3000) 2210  0010001000010000 (   3)                 LD    R1 FIRST
(3001) 2410  0010010000010000 (   5)                 LD    R2 SECOND
(3002) 5020  0101000000100000 (   7)                 AND   R0 R0 #0
(3003) 6640  0110011001000000 (   9) LOOP            LDR   R3 R1 #0
(3004) 6880  0110100010000000 (  11)                 LDR   R4 R2 #0
(3005) 0408  0000010000001000 (  13)                 BRZ   NEXT
(3006) 1261  0001001001100001 (  15)                 ADD   R1 R1 #1
(3007) 14A1  0001010010100001 (  17)                 ADD   R2 R2 #1
(3008) 96FF  1001011011111111 (  19)                 NOT   R3 R3
(3009) 16E1  0001011011100001 (  21)                 ADD   R3 R3 #1
(300A) 16C4  0001011011000100 (  23)                 ADD   R3 R3 R4
(300B) 05F7  0000010111110111 (  25)                 BRZ   LOOP
(300C) 5B60  0101101101100000 (  27)                 AND   R5 R5 #0
(300D) 0E02  0000111000000010 (  29)                 BRNZP DONE
(300E) 5B60  0101101101100000 (  31) NEXT            AND   R5 R5 #0
(300F) 1B61  0001101101100001 (  33)                 ADD   R5 R5 #1
(3010) F025  1111000000100101 (  35) DONE            TRAP  x25
(3011) 4000  0100000000000000 (  37) FIRST           .FILL x4000
(3012) 4100  0100000100000000 (  38) SECOND          .FILL x4100
