(0000) 3000  0011000000000000 (   1)                 .ORIG x3000
(3000) F023  1111000000100011 (   2)                 TRAP  x23
(3001) 1420  0001010000100000 (   3)                 ADD   R2 R0 #0
(3002) 260F  0010011000001111 (   4)                 LD    R3 NEGASCII
(3003) F023  1111000000100011 (   5)                 TRAP  x23
(3004) 1820  0001100000100000 (   6)                 ADD   R4 R0 #0
(3005) 2A0F  0010101000001111 (   7)                 LD    R5 negNine
(3006) 1303  0001001100000011 (   8)                 ADD   R1 R4 R3
(3007) 1281  0001001010000001 (   9)                 ADD   R1 R2 R1
(3008) 1A45  0001101001000101 (  10)                 ADD   R5 R1 R5
(3009) 0203  0000001000000011 (  11)                 BRP   Greater
(300A) 1060  0001000001100000 (  12)                 ADD   R0 R1 #0
(300B) F021  1111000000100001 (  13)                 TRAP  x21
(300C) 0E04  0000111000000100 (  14)                 BRNZP DONE
(300D) 2406  0010010000000110 (  15) Greater         LD    R2 vA
(300E) 14BF  0001010010111111 (  16)                 ADD   R2 R2 #-1
(300F) 1085  0001000010000101 (  17)                 ADD   R0 R2 R5
(3010) F021  1111000000100001 (  18)                 TRAP  x21
(3011) F025  1111000000100101 (  19) DONE            TRAP  x25
(3012) FFD0  1111111111010000 (  21) NEGASCII        .FILL xFFD0
(3013) 0030  0000000000110000 (  22) ASCII           .FILL x0030
(3014) 0041  0000000001000001 (  23) vA              .FILL x0041
(3015) FFC7  1111111111000111 (  24) negNine         .FILL xFFC7
